[log: 2021-05-27-09-23-44] 検索キーワード:高収入
[log: 2021-05-27-09-24-04] 0件目成功 : 株式会社NST | 総合不動産企業としてグループ年商1000億円を目指して成長中！
[log: 2021-05-27-09-24-04] 1件目成功 : 株式会社ゴールドファステート | 【テレビCM放映中の成長企業】※大阪府緊急雇用対策に賛同
[log: 2021-05-27-09-24-04] 2件目成功 : 株式会社要 | ＜ゲームやアプリ開発、インフラ構築など案件豊富＞※未経験OK
[log: 2021-05-27-09-24-04] 3件目成功 : 株式会社 High mind | menuトップパートナー★大人気Youtuberなどが絶賛PR中
[log: 2021-05-27-09-24-04] 4件目成功 : クルーガーグループ株式会社 | 自由な月9日休み◆多彩な福利厚生◆NHKパートナー企業の安定性
[log: 2021-05-27-09-24-04] 5件目成功 : 株式会社オープンハウス | 東証一部上場◆20代の管理職率76％◆年4回昇給&昇格のチャンス有
[log: 2021-05-27-09-24-04] 6件目成功 : UTコンストラクション株式会社 | 大手グループ・安定基盤／年休120日以上・土日休み
[log: 2021-05-27-09-24-04] 7件目成功 : 株式会社ビッグモーター | ＼業界No.1◆全国店舗で200名採用◆直近1年の最高年収2282万円／
[log: 2021-05-27-09-24-04] 8件目成功 : UTエイム株式会社 | 大阪府緊急雇用対策に賛同【東証一部上場グループ】★WEB面接OK
[log: 2021-05-27-09-24-04] 9件目成功 : 株式会社ビッグモーター | 業界No.1◆月給23万9800円～☆残業ほぼなし☆面接1回
[log: 2021-05-27-09-24-05] 10件目成功 : エムケイ株式会社 | 【大阪府緊急雇用対策に賛同】★社員寮完備 ★40～50代が活躍中
[log: 2021-05-27-09-24-05] 11件目成功 : UTエイム株式会社 | 大阪府緊急雇用対策に賛同【東証一部上場グループ】★WEB面接OK
[log: 2021-05-27-09-24-05] 12件目成功 : UTコンストラクション株式会社 | ★大手グループの安定基盤★土日祝休み
[log: 2021-05-27-09-24-05] 13件目成功 : 株式会社貴順 | ★未経験歓迎★初期費用0円★週払い・日払い制度有★男女活躍中
[log: 2021-05-27-09-24-05] 14件目成功 : 東京ビッグハウス株式会社 | 【TOKYO BIG HOUSE/東証一部上場ケイアイスター不動産グループ】
[log: 2021-05-27-09-24-05] 15件目成功 : 株式会社サカイ引越センター | 《 東証一部上場企業 》★月給25万円★賞与年3回★土日休みもOK
[log: 2021-05-27-09-24-05] 16件目成功 : UTコンストラクション株式会社 | 大阪府緊急雇用対策に賛同・東証一部上場グループ
[log: 2021-05-27-09-24-05] 17件目成功 : 日研トータルソーシング株式会社 | 【大阪府緊急雇用対策に賛同】★オンライン説明会開催中！
[log: 2021-05-27-09-24-05] 18件目成功 : 株式会社ロジカル | コロナ禍・景気にも左右されない安定企業◆面接1回で内定
[log: 2021-05-27-09-24-05] 19件目成功 : 日研トータルソーシング株式会社 | 【大阪府緊急雇用対策に賛同】◎90％が未経験入社 ◎定着率95％
[log: 2021-05-27-09-24-06] 20件目成功 : 株式会社アウトソーシングテクノロジー | R&D事業本部 | 正社員×安心して長く働く×大手メーカーと直取引
[log: 2021-05-27-09-24-06] 21件目成功 : DSP株式会社 | 初年度年収450万円以上可/産休育休有/大阪府緊急雇用対策に賛同
[log: 2021-05-27-09-24-06] 22件目成功 : 株式会社ビッグモーター | 月給23万9800円～/月8～10日休/土日休OK/賞与年2回/残業ほぼなし
[log: 2021-05-27-09-24-06] 23件目成功 : 株式会社砂建 | 【月給22万円以上！完全週休2日制（土日）の働き方も選べます】
[log: 2021-05-27-09-24-06] 24件目成功 : 日本eリモデル株式会社 | 勤続1年以上の平均月収59万3000円【大阪府緊急雇用対策に賛同】
[log: 2021-05-27-09-24-06] 25件目成功 : 株式会社ワールドコーポレーション
[log: 2021-05-27-09-24-06] 26件目成功 : 株式会社いーふらん | 高級宝飾時計商おたからや
[log: 2021-05-27-09-24-06] 27件目成功 : 環境ステーション株式会社 | ★土日祝休み ★残業月20ｈ以内 ★充実の教育制度 ★社宅有
[log: 2021-05-27-09-24-06] 28件目成功 : 高村撮影交通有限会社 | Takamura Shooting crew Transportation, Inc. | 転職者満足度◎
[log: 2021-05-27-09-24-06] 29件目成功 : 株式会社アーキ・ジャパン | 平均月収53万円(施工管理・技術職)【大阪府緊急雇用対策に賛同】
[log: 2021-05-27-09-24-06] 30件目成功 : 株式会社岸田 | 宮崎県内外で案件増加中 ／ 東京・大阪など”全国”を舞台に活躍
[log: 2021-05-27-09-24-07] 31件目成功 : 株式会社ワールドコーポレーション | 安定基盤・難しい仕事はありません！
[log: 2021-05-27-09-24-07] 32件目成功 : 株式会社栄商 | 【U・Iターン歓迎】引越し費用会社負担 & 住宅費用補助あり
[log: 2021-05-27-09-24-07] 33件目成功 : 株式会社東黎トラスト | 大阪府緊急雇用対策に賛同／完全週休2日制／年間休日休暇120日
[log: 2021-05-27-09-24-07] 34件目成功 : 株式会社エー・エス・エル | 《東証一部上場企業グループ》コロナ禍でも過去最高益レベル！
[log: 2021-05-27-09-24-07] 35件目成功 : UTエイム株式会社 | 【超スピード選考】最短当日面談＆当日採用(規定有)！
[log: 2021-05-27-09-24-07] 36件目成功 : エスリード株式会社 | 【東証一部上場企業】業界トップクラスのマンションデベロッパー
[log: 2021-05-27-09-24-07] 37件目成功 : UTエイム株式会社 | 【超スピード選考】最短当日面接＆当日採用(規定有)！
[log: 2021-05-27-09-24-07] 38件目成功 : UTエイム株式会社 | 大阪府緊急雇用対策に賛同【東証1部上場グループ】
[log: 2021-05-27-09-24-07] 39件目成功 : 株式会社comam | 今年4月に東京に拠点OPEN ／ 採用プロセスは原則WEB面接1回のみ
[log: 2021-05-27-09-24-08] 40件目成功 : 株式会社グッドワークコミュニケーションズ | 多角的な事業展開で急成長！★☆20～30代大活躍中！☆★
[log: 2021-05-27-09-24-08] 41件目成功 : 株式会社ライジングサンセキュリティーサービス | ☆★新規事業拡大につき50名大募集★☆出張面接も行っています！
[log: 2021-05-27-09-24-08] 42件目成功 : UTエイム株式会社 | 大阪府緊急雇用対策に賛同【東証一部上場グループ】★WEB面接OK
[log: 2021-05-27-09-24-08] 43件目成功 : ソフトバンク営業職合同募集 | 【条件満たす方全員、電話面談確約】★大阪府緊急雇用対策に賛同
[log: 2021-05-27-09-24-08] 44件目成功 : 株式会社ガリレオコーポレーション | 『TVCMでお馴染み』の地場密着企業！昇給チャンスは年3回！！
[log: 2021-05-27-09-24-08] 45件目成功 : 株式会社タスカ | 大変だって、キツくったって―。稼げて、自由ならいいじゃない！
[log: 2021-05-27-09-24-08] 46件目成功 : DSP株式会社 | <大阪府緊急雇用対策に賛同>【完全週休2日】【産休育休実績有】
[log: 2021-05-27-09-24-08] 47件目成功 : 株式会社ワールドコーポレーション | 大阪府緊急雇用対策に賛同
[log: 2021-05-27-09-24-08] 48件目成功 : 株式会社NEXER | リフレッシュ休暇（勤続5年で5万＆5連休付与、10年だと倍に！）
[log: 2021-05-27-09-24-13] 49件目成功 : 株式会社ビッグモーター | ＼社員の85%が平均年収860万円！／◆90%が営業未経験スタート！
[log: 2021-05-27-09-24-14] 50件目成功 : UTエイム株式会社 | 大阪府緊急雇用対策に賛同【東証1部上場グループの安定基盤】
[log: 2021-05-27-09-24-14] 51件目成功 : 株式会社ビッグモーター | 億単位の設備とクリーンな環境◆月8日以上休み／賞与年2回
[log: 2021-05-27-09-24-14] 52件目成功 : 株式会社アイダ設計 | テレビCMでお馴染みの企業！成長が止まらないハウスメーカー★
[log: 2021-05-27-09-24-14] 53件目成功 : 洛陽交運株式会社 | ヤサカグループ／月額17,000円～即入寮できる社宅あり！
[log: 2021-05-27-09-24-14] 54件目成功 : 東建コーポレーション株式会社 | エリア勤務でも高収入、地元で安心できる生活を手に入れよう！
[log: 2021-05-27-09-24-14] 55件目成功 : UTエイム株式会社 | 【東証一部上場グループ】★WEB面接OK／今月入社も可能
[log: 2021-05-27-09-24-14] 56件目成功 : ソフトバンク営業職合同募集 | 【条件満たす方全員、電話面談確約】★大阪府緊急雇用対策に賛同
[log: 2021-05-27-09-24-14] 57件目成功 : 東建コーポレーション株式会社 | ◎平均年収819万円　◎全国採用実施中（自宅近くの拠点を考慮）
[log: 2021-05-27-09-24-14] 58件目成功 : 東建コーポレーション株式会社 | ＊年齢に関わらず『まだまだやれる』そんな職場環境があります＊
[log: 2021-05-27-09-24-15] 59件目成功 : UTエイム株式会社 | 大阪府緊急雇用対策に賛同【東証一部上場グループ】
[log: 2021-05-27-09-24-15] 60件目成功 : 東建コーポレーション株式会社 | ＼若手限定求人／ 20代で年収100万円以上UPの先輩多数！
[log: 2021-05-27-09-24-15] 61件目成功 : ソフトバンク営業職合同募集 | 【条件満たす方全員、電話面談確約】★大阪府緊急雇用対策に賛同
[log: 2021-05-27-09-24-15] 62件目成功 : 株式会社インヴァランス | IoTを取り入れたマンションを展開★高インセンティブ制度有
[log: 2021-05-27-09-24-15] 63件目成功 : KUROFUNE＆PARTNERS株式会社 | ★入社1年目全員が未経験で年収500万円以上の実績★
[log: 2021-05-27-09-24-15] 64件目成功 : KUROFUNE＆PARTNERS株式会社 | ★入社1年目全員が未経験で年収500万円以上の実績★
[log: 2021-05-27-09-24-15] 65件目成功 : 株式会社あきんどスシロー | 東証一部上場グループ／引越費用全額負担＆社員寮有・賞与年2回
[log: 2021-05-27-09-24-15] 66件目成功 : 株式会社アミ―クス | 『トータルリペア』オーナー募集
[log: 2021-05-27-09-24-15] 67件目成功 : サンリスト株式会社 | 《イイとこどりの好環境》★未経験歓迎 ★若手活躍中 ★面接確約
[log: 2021-05-27-09-24-15] 68件目成功 : 中国化工建設株式会社 | 【東証一部上場「ショーボンドホールディングス」グループ】
[log: 2021-05-27-09-24-16] 69件目成功 : 株式会社リグラス | 【設立4年で売上50億達成の成長企業】営業職の平均年収1000万円
[log: 2021-05-27-09-24-16] 70件目成功 : 株式会社トライトキャリア | 有給取得率50％越/年収600万円以上可/大阪府緊急雇用対策に賛同
[log: 2021-05-27-09-24-16] 71件目成功 : 株式会社ジーアフター | 【大型店新規オープン】＊千葉県トップクラスの中古車販売店
[log: 2021-05-27-09-24-16] 72件目成功 : 株式会社クリア | メンズ美容のリーディングカンパニーへ　脱毛サロンを全国70店舗
[log: 2021-05-27-09-24-16] 73件目成功 : 株式会社テクトン | 「未経験で心配・・・」そんなあなたを応援する会社
[log: 2021-05-27-09-24-16] 74件目成功 : 株式会社大阪真和エンタープライズ | 【売上高122億円以上を誇るLALLグループ】◆独立支援制度あり！
[log: 2021-05-27-09-24-16] 75件目成功 : 株式会社ジーアフター | お休み増えてます♪今年7月より5日増えて年間休日は120日です◎
[log: 2021-05-27-09-24-16] 76件目成功 : 株式会社ハンナ | 普通免許があれば応募OK！収入・働く環境などカスタマイズできる
[log: 2021-05-27-09-24-16] 77件目成功 : HITOWAライフパートナー株式会社 | 全国募集★不況でも売上昨対超え！自宅開業OK★転勤なし！
[log: 2021-05-27-09-24-16] 78件目成功 : NITOH株式会社 | ★福利厚生充実★フラットな社風★未経験から年収1000万円が可能
[log: 2021-05-27-09-24-17] 79件目成功 : UTエイム株式会社 | 大阪府緊急雇用対策に賛同【東証一部上場グループ】★安定基盤
[log: 2021-05-27-09-24-17] 80件目成功 : 創建プランニング株式会社 | 頑張った分だけ収入アップ◎社員に還元する嬉しい体制を完備！
[log: 2021-05-27-09-24-17] 81件目成功 : 株式会社アクアライン | 東証マザーズ上場企業◎修理実績168万件以上◎知名度急上昇中！
[log: 2021-05-27-09-24-17] 82件目成功 : 大同生命保険株式会社 | ★業界経験一切不問 ★有給取得実績多数 ★転勤なし ★土日休み
[log: 2021-05-27-09-24-17] 83件目成功 : 大基興業有限会社 | 入社祝い金あり／完全週休2日・完全週休3日も選べます
[log: 2021-05-27-09-24-17] 84件目成功 : 株式会社アール・エム | 【大阪府緊急雇用対策に賛同】入社1年目から昇進・昇級続々！
[log: 2021-05-27-09-24-17] 85件目成功 : 株式会社PE-BANK | ◆案件5万件越 ◆日本最大級の総合ITフリーランスサポート企業
[log: 2021-05-27-09-24-17] 86件目成功 : 株式会社ライジングサンセキュリティーサービス | ★面接保証あり★20～60代が活躍中★月給最大29万8000円！
[log: 2021-05-27-09-24-17] 87件目成功 : UTエイム株式会社 | 大阪府緊急雇用対策に賛同【東証一部上場グループ】
[log: 2021-05-27-09-24-17] 88件目成功 : インターギアソリューション株式会社 | 【業界トップクラスの売上規模/メンバー数】★応募の秘密は厳守
[log: 2021-05-27-09-24-17] 89件目成功 : 株式会社サンディ | ドイツ発“ボックスストア”ビジネスの国内パイオニア！
[log: 2021-05-27-09-24-18] 90件目成功 : 株式会社HiiizL | 【大阪府緊急雇用対策に賛同】教育評価制度充実/新規事業拡大中
[log: 2021-05-27-09-24-18] 91件目成功 : インターギアソリューション株式会社 | 【業界トップクラスの売上規模/メンバー数】★応募の秘密は厳守
[log: 2021-05-27-09-24-18] 92件目成功 : 株式会社プレサンスコーポレーション | #東証一部上場#投資用マンション#教育体制充実#未経験歓迎
[log: 2021-05-27-09-24-18] 93件目成功 : サングローブ株式会社 | ★創業7期目で15,000社と直取引★年休130日/土日祝休み/残業ゼロ
[log: 2021-05-27-09-24-18] 94件目成功 : 三井住友トラスト不動産株式会社 | 三井住友信託銀行グループ｜＼[COVID-19]の影響なく採用実施！／
[log: 2021-05-27-09-24-18] 95件目成功 : 株式会社エムピーキッチン | 上場も視野に拡大中/月平均8日休/サービス残業0/賞与年2回
[log: 2021-05-27-09-24-18] 96件目成功 : 株式会社free mova
[log: 2021-05-27-09-24-18] 97件目成功 : 株式会社T-TOP | コロナ禍でも安定ニーズ◎【大阪府緊急雇用対策に賛同】
[log: 2021-05-27-09-24-18] 98件目成功 : 株式会社ライジングサンセキュリティーサービス | 【★面接保証！20～60代活躍中★未経験スタート大歓迎★】
[log: 2021-05-27-09-24-22] 99件目成功 : 株式会社PGSホーム | 残業ほぼ無し！休日出勤は一切無し！ワーク・ライフ・バランス◎
[log: 2021-05-27-09-24-22] 100件目成功 : 株式会社山崎機械店 | 【創業76年の専門商社】賞与年3～4ヶ月／年収1000万円を目指せる
[log: 2021-05-27-09-24-22] 101件目成功 : 益三建設株式会社 | ＜設立50年！地域に愛された会社＞＊UIターン歓迎＊住宅手当あり
[log: 2021-05-27-09-24-23] 102件目成功 : 株式会社メディオテクノ | #月8～10日休(完全週休2日)#若手活躍中#退職者は3年間ゼロ
[log: 2021-05-27-09-24-23] 103件目成功 : 株式会社PGSホーム | 今なら入社祝金最大138万円支給！インセンティブ・報奨金も充実
[log: 2021-05-27-09-24-23] 104件目成功 : センコー株式会社 | ★入社1年で年収1300万円実績あり／FC加盟70店舗→今年100店舗へ
[log: 2021-05-27-09-24-23] 105件目成功 : 株式会社イー・トラスト | 【CMでもお馴染み！関西トップクラスの総合不動産グループ！】
[log: 2021-05-27-09-24-23] 106件目成功 : エフエルシープレミアム株式会社 | 【大阪府緊急雇用対策に賛同】東証二部上場企業のグループ！
[log: 2021-05-27-09-24-23] 107件目成功 : 株式会社リロパートナーズ | 【リログループ】※(株)トキオランディックスへの出向です。
[log: 2021-05-27-09-24-23] 108件目成功 : 株式会社アサンテ | <東証一部上場>★創業50年&国内売上No.1の安定基盤★未経験OK
[log: 2021-05-27-09-24-23] 109件目成功 : 株式会社アキュラホーム
[log: 2021-05-27-09-24-23] 110件目成功 : KUROFUNE＆PARTNERS株式会社 | ★オープニングスタッフ募集★1年目全員が年収500万円以上の実績
[log: 2021-05-27-09-24-23] 111件目成功 : 株式会社アキュラホーム | 「グッドデザイン賞」9年連続受賞
[log: 2021-05-27-09-24-23] 112件目成功 : 株式会社そら | 【コロナで注目度UP！「Dr.ストレッチ」を全国展開】完全週休2日
[log: 2021-05-27-09-24-24] 113件目成功 : 株式会社グラスト | ★20代中心に活躍中 ★連休や土日休みも相談OK ★転勤なし
[log: 2021-05-27-09-24-24] 114件目成功 : 有限会社グリーンアンドハウス | ★【無垢スタイル建築設計】のグループ会社として安定経営
[log: 2021-05-27-09-24-24] 115件目成功 : 株式会社ミュゼプラチナム | ★週休3日もOK★コスメ社割／全身美容脱毛0円★WEB面接1回
[log: 2021-05-27-09-24-24] 116件目成功 : 株式会社誠進堂 | 売上は昨対比170％アップ！／支店長の平均年収は1,500万円以上！
[log: 2021-05-27-09-24-24] 117件目成功 : 大阪第一交通株式会社 | 【 業界大手！第一交通産業グループ 】大阪府緊急雇用対策に賛同
[log: 2021-05-27-09-24-24] 118件目成功 : 株式会社フレックス | 黒字経営を継続中/大阪府緊急雇用対策に賛同/月収40万円も可能！
[log: 2021-05-27-09-24-24] 119件目成功 : 東京エムケイ株式会社 | 《未経験でも研修3ヶ月計100万円の保証給》★有給取得率80％超
[log: 2021-05-27-09-24-24] 120件目成功 : ロイヤルハウジング株式会社 | 【創業47年／ロイヤルグループ】昨対比売上150％以上！
[log: 2021-05-27-09-24-24] 121件目成功 : 株式会社エージェントゲート | ★有給取得率100％★産休育休取得＆復帰率100％★定着率90％超★
[log: 2021-05-27-09-24-24] 122件目成功 : 株式会社HIPOWER　 | 完全週休2日制(土日祝) / 年休120日以上 / 残業月10～20h程度
[log: 2021-05-27-09-24-25] 123件目成功 : 株式会社インターレイズ | 脱毛サロン「STLASSH(ストラッシュ)」就職したい脱毛サロンNo.1*
[log: 2021-05-27-09-24-25] 124件目成功 : 株式会社修優舘 | 基本残業ゼロ｜賞与年3回+業績給｜オープニング募集もあり
[log: 2021-05-27-09-24-25] 125件目成功 : 株式会社建築資料研究社 | 資格系スクール「日建学院」を運営【大阪府緊急雇用対策に賛同】
[log: 2021-05-27-09-24-25] 126件目成功 : 株式会社エージェントゲート | Web面談実施中★年間休日130日★Python／Java／Rubyなど案件多数
[log: 2021-05-27-09-24-25] 127件目成功 : 株式会社ネオキャリア | 【働き方改革成功企業】*昨年本格始動した新規事業*前比170％UP
[log: 2021-05-27-09-24-25] 128件目成功 : 株式会社テイクス | 【品川・東北事業所】エンジニアが主役！上場企業グループ会社
[log: 2021-05-27-09-24-25] 129件目成功 : 株式会社ビッグモーター | 【最新設備多数！】★月8～10日休★年収800万円も可！★面接1回
[log: 2021-05-27-09-24-25] 130件目成功 : 株式会社フレックス | 創業約60年/黒字経営を継続中/大阪府緊急雇用対策に賛同
[log: 2021-05-27-09-24-25] 131件目成功 : 株式会社テイクス | 【池袋事業所】21年連続増収増益！上場企業グループ会社
[log: 2021-05-27-09-24-25] 132件目成功 : 株式会社エージェントゲート | 定着率94%★全員Web面談実施中★年間休日130日
[log: 2021-05-27-09-24-26] 133件目成功 : 株式会社フレックス | 創業約60年/黒字経営を継続中/大阪府緊急雇用対策に賛同
[log: 2021-05-27-09-24-26] 134件目成功 : 株式会社モリシン電気設備 | 週休2日／皆勤・家族手当など完備【大阪府緊急雇用対策に賛同】
[log: 2021-05-27-09-24-26] 135件目成功 : 株式会社ビッグモーター | 業界No.1企業の安定性／面接1回／転勤なし／連休OK！
[log: 2021-05-27-09-24-26] 136件目成功 : 株式会社ビッグモーター | 業界No.1の実績＆安定性／転勤なし／残業なし／土日休み
[log: 2021-05-27-09-24-26] 137件目成功 : 株式会社一条工務店 | ★戸建注文住宅の販売棟数《業界No.1！》★木造部門は8年連続
[log: 2021-05-27-09-24-26] 138件目成功 : 株式会社ラビット・カーネットワーク | ☆東証一部上場USSグループ/充実の研修あり/TVCMでお馴染み
[log: 2021-05-27-09-24-26] 139件目成功 : JTA株式会社 | 【20代で年収1000万円超えの社員続出中！】◆土日休み◆転勤なし
[log: 2021-05-27-09-24-26] 140件目成功 : 株式会社タウンハウジング | 【CMも放映！今期過去最高益の見込】1都3件に102店舗展開！
[log: 2021-05-27-09-24-26] 141件目成功 : 株式会社優誠 | 【大阪府緊急雇用対策に賛同】ノルマなし＆成約率は50％以上！
[log: 2021-05-27-09-24-26] 142件目成功 : 株式会社ビッグモーター | マイカー通勤OK◆年収例500万円（26歳：未経験入社3年目）
[log: 2021-05-27-09-24-26] 143件目成功 : 株式会社九州エネコ | 《年収例／3年目 880万円／3年目 738万円／6年目 1421万円》
[log: 2021-05-27-09-24-27] 144件目成功 : 株式会社ハマエンジニアリング | 賞与年3回支給★20代で年収450万円超えも可能／web面接実施中
[log: 2021-05-27-09-24-27] 145件目成功 : 株式会社テクトン | WEB面接可／年間休日125日／土日祝休み／残業少なめ
[log: 2021-05-27-09-24-27] 146件目成功 : 株式会社アイエスエフネット | 【大阪府緊急雇用対策に賛同】★在宅勤務OK★年間休日126日
[log: 2021-05-27-09-24-27] 147件目成功 : 株式会社コシダカ | 【上場グループ企業】月8~10日休★土日休みもOK★年2回5連休あり
[log: 2021-05-27-09-24-27] 148件目成功 : 株式会社アイエスエフネット | 【大阪府緊急雇用対策に賛同】★インセンMAX60％★残業ほぼナシ
[log: 2021-05-27-09-24-32] 149件目成功 : DSP株式会社 | 入社半年で月収100万円以上の社員多数/大阪府緊急雇用対策に賛同
[log: 2021-05-27-09-24-32] 150件目成功 : 株式会社コシダカ | 【上場グループ企業】スピード昇格可★土日休みOK★年2回5連休
[log: 2021-05-27-09-24-32] 151件目成功 : 株式会社アイエスエフネット | 【大阪府緊急雇用対策に賛同】★インセンMAX60％/69％が毎年昇給
[log: 2021-05-27-09-24-32] 152件目成功 : 株式会社ビッグモーター | 業界No.1企業／賞与年2回／年収800万円以上可能／残業少なめ
[log: 2021-05-27-09-24-32] 153件目成功 : 株式会社コシダカ | 【上場グループ企業】土日休みOK★月収29.4万円も目指せる！
[log: 2021-05-27-09-24-32] 154件目成功 : 株式会社コシダカ | ★月収例29万4000円！★年休110日以上★東証一部上場グループ
[log: 2021-05-27-09-24-32] 155件目成功 : ヒカリ電気土木株式会社 | 設立以来、増収増益で絶好調！成長性＆安定性を備えた優良企業
[log: 2021-05-27-09-24-32] 156件目成功 : 光電気工事株式会社 | 『 年休120日～×雰囲気◎×新社屋勤務 』★転職者15名活躍中！
[log: 2021-05-27-09-24-32] 157件目成功 : 小金井不動産株式会社 | LIXIL不動産ショップNo.1！全加盟店480社中優秀成績者41名輩出
[log: 2021-05-27-09-24-33] 158件目成功 : 大和総合住設株式会社 | ★賞与年4回支給★平均年齢27歳！女性社員も活躍しています！
[log: 2021-05-27-09-24-33] 159件目成功 : メットライフ生命保険株式会社 | 【大阪梅田エイジェンシーオフィス】賞与年4回／土日祝休み！
[log: 2021-05-27-09-24-33] 160件目成功 : 日本交通株式会社 | 運転は4～5時間程度／社員の平均年収「500万円」
[log: 2021-05-27-09-24-33] 161件目成功 : 株式会社ユタカホーム | ★残業1日1H以下★転勤ナシ★定着率97％★未経験の先輩多数
[log: 2021-05-27-09-24-33] 162件目成功 : ヴェル・ハウジング株式会社 | 安心の固定給制度あり⇒未経験でも月給28万～35万円スタート！
[log: 2021-05-27-09-24-33] 163件目成功 : 株式会社綜合キャリアオプション | グループ全体売上1000億円以上◆社員2000名超◆管理職も目指せる
[log: 2021-05-27-09-24-33] 164件目成功 : 株式会社大成社 | ★話だけ聞きたいでもOK！お気軽にご応募下さい！★副業もOK
[log: 2021-05-27-09-24-33] 165件目成功 : 株式会社あいらいふ | ★《20～30代の社員が多数活躍中！》業界未経験・第二新卒歓迎◎
[log: 2021-05-27-09-24-33] 166件目成功 : 株式会社セントラルアセット | 一人一人のお客様を大切にサポートするのが当社の魅力です
[log: 2021-05-27-09-24-33] 167件目成功 : 株式会社ホームワン | 『年収アップ』や『働き方改善』が転職理由なら当社で決まり！
[log: 2021-05-27-09-24-34] 168件目成功 : 株式会社テックコーポレーション | ＜ 経済産業省・自治体・事業団体の補助金対象 ＞
[log: 2021-05-27-09-24-34] 169件目成功 : 株式会社センス | ★未経験からでも年収1000万円超の先輩が活躍中★100％面接保証
[log: 2021-05-27-09-24-34] 170件目成功 : 小金井不動産株式会社 | LIXIL不動産ショップNo.1！全加盟店480社中優秀成績者41名輩出
[log: 2021-05-27-09-24-34] 171件目成功 : イッセイコンサルタント株式会社 | 【 10年連続売上UP 】平均年収600～700万｜転勤なし｜定時退社可
[log: 2021-05-27-09-24-34] 172件目成功 : クラウンコンサルティング株式会社 | ビジネスマッチングサイト『ビジェント』を運営する急成長企業！
[log: 2021-05-27-09-24-34] 173件目成功 : 株式会社ジーアフター | ◆不況知らず！売上前年比130％以上、注目の企業◆残業ほぼなし
[log: 2021-05-27-09-24-34] 174件目成功 : 居藏管工株式会社 | いぐらかんこう｜#入社祝い金支給#経験者は月収40万円が目指せる
[log: 2021-05-27-09-24-34] 175件目成功 : 株式会社ドリームホーム | 京都屈指の業績・2019年度グループ売上高170億円！
[log: 2021-05-27-09-24-35] 176件目成功 : 株式会社エストゥルース | 【当社の実話】土日祝休み/残業ゼロ/未経験入社でも年収1200万円
[log: 2021-05-27-09-24-35] 177件目成功 : 株式会社ゼディアルーク | グループ会社を複数擁し、IT事業を展開する成長企業
[log: 2021-05-27-09-24-35] 178件目成功 : 株式会社エコ・エー | 【環境職人】★寮完備（月3万円）★残業月10ｈ・直行直帰OK
[log: 2021-05-27-09-24-35] 179件目成功 : 株式会社リンクスタッフグループ | ◆未経験スタートでも月給25万円以上を保証！◆早期昇格も
[log: 2021-05-27-09-24-35] 180件目成功 : 大和総合住設株式会社 | ★賞与年4回支給★平均年齢27歳！女性社員も活躍しています！
[log: 2021-05-27-09-24-35] 181件目成功 : 日本セキュリティ株式会社 | 早期キャリアアップ可能！★お客様は安定の警備業界
[log: 2021-05-27-09-24-35] 182件目成功 : クレストジャパン株式会社 | ★経験者採用★年収1000万以上目指す人、必見の求人です！
[log: 2021-05-27-09-24-35] 183件目成功 : 株式会社ビルドイット | 設計からの請負い案件100％で高収入可 ★残業全社月平均10h以下
[log: 2021-05-27-09-24-35] 184件目成功 : 木下工業株式会社 | 名古屋エリアの公共事業のみ！／資格取得もサポートします！
[log: 2021-05-27-09-24-35] 185件目成功 : アートバンライン株式会社 | 大手企業と多数取引で業績好調★月8～9日休み★土日休みも可
[log: 2021-05-27-09-24-36] 186件目成功 : アートバンライン株式会社 | 大手企業と多数取引で業績好調★売上295億円を誇る安定企業
[log: 2021-05-27-09-24-36] 187件目成功 : アートバンライン株式会社 | 大手企業と多数取引で業績好調★月8～9日休み土日休みも可
[log: 2021-05-27-09-24-36] 188件目成功 : さか電工株式会社 | ★配偶者のバースデー休暇など、社員の家族も大切にする会社★
[log: 2021-05-27-09-24-36] 189件目成功 : 株式会社ミックウェア | ★ホンダやトヨタのパートナーとして最先端技術を駆使！
[log: 2021-05-27-09-24-36] 190件目成功 : 有限会社エフォール | ≪全員面接＊働き方選べます≫初期費用0円★年齢不問
[log: 2021-05-27-09-24-36] 191件目成功 : 株式会社昇建 | #大阪府緊急雇用対策に賛同#大阪本社#転勤なし
[log: 2021-05-27-09-24-36] 192件目成功 : Rセキュリティ株式会社 | 20年連続増収増益◆2020年2~5月は売上前年比125％◆完全週休二日
[log: 2021-05-27-09-24-36] 193件目成功 : メットライフ生命保険株式会社 | 【大阪府緊急雇用対策に賛同】◆賞与年4回／完全週休2日制(土日)
[log: 2021-05-27-09-24-36] 194件目成功 : コムズ株式会社 | 未経験でも月給25万円スタート★土日祝休/年休120日以上★
[log: 2021-05-27-09-24-36] 195件目成功 : 株式会社ゲッコー | 直行直帰可能！転勤ナシで地元で働ける＊業界経験者歓迎
[log: 2021-05-27-09-24-36] 196件目成功 : 株式会社フィード | アパレルや美容業界、飲食店など異業種からの転職成功者多数！
[log: 2021-05-27-09-24-37] 197件目成功 : 株式会社つばさメディカルグループ | ■札幌でトップクラスの実績 ■社会貢献性の高い事業で急成長中
[log: 2021-05-27-09-24-37] 198件目成功 : 株式会社ケニーモバイル | ★関内・横須賀で地域密着★正社員デビュー歓迎★充実の研修あり
[log: 2021-05-27-09-24-40] 199件目成功 : 株式会社ひまわりほーむ | ＼CMでお馴染み／　残業月平均15時間&手当など福利厚生も充実◎
[log: 2021-05-27-09-24-41] 200件目成功 : 株式会社ファースト | 【不況知らずのカスタムカー専門店】＊平均年収600万円以上！
[log: 2021-05-27-09-24-41] 201件目成功 : 株式会社京進 | 東証二部上場
[log: 2021-05-27-09-24-41] 202件目成功 : 株式会社CREAX | 「買取専門店 kaitori-off」設立から6期連続増収中の成長企業！
[log: 2021-05-27-09-24-41] 203件目成功 : 第一土地建物株式会社 | 【コロナ禍でも売上高UPの成長企業】★未経験人材を積極採用中★
[log: 2021-05-27-09-24-41] 204件目成功 : アイアール株式会社 | #選べる勤務地&休日等#土日祝休み#育児休暇取得多数#WEB面接可能
[log: 2021-05-27-09-24-41] 205件目成功 : 株式会社CRUD nop | ECサイト/動画配信/ゲーム等のWebシステムを手掛ける成長企業
[log: 2021-05-27-09-24-41] 206件目成功 : 株式会社スタッフファースト | <東証一部上場企業(DmMiX社)のグループ企業>★前年比250％の成長
[log: 2021-05-27-09-24-41] 207件目成功 : 佐藤建業株式会社 | 今年で創立61周年！杉並区・都内の地域に密着した工事事業を展開
[log: 2021-05-27-09-24-41] 208件目成功 : 株式会社アイダ設計 | テレビCMでお馴染みの企業！成長が止まらないハウスメーカー！
[log: 2021-05-27-09-24-41] 209件目成功 : 株式会社novis | 【 高収入も目指せる転職先 】年休123日／賞与年2回＋決算賞与
[log: 2021-05-27-09-24-42] 210件目成功 : 洋伸建設株式会社 | 五洋建設グループ◎施工管理技士2級⇒1級へキャリアUPも叶います
[log: 2021-05-27-09-24-42] 211件目成功 : 日本ビズアップ株式会社 | クラウド会計システムで企業経営をサポート/完全週休2日(土日)
[log: 2021-05-27-09-24-42] 212件目成功 : 株式会社九州エネコ | 年休120日以上/完休2日制/転勤なし/社員寮あり/平均月収70万円
[log: 2021-05-27-09-24-42] 213件目成功 : 福岡小松フォークリフト株式会社 | 【創業51年／東証一部上場の西日本鉄道株式会社のグループ会社】
[log: 2021-05-27-09-24-42] 214件目成功 : 丸伊運輸株式会社 | 杉戸営業所 -老舗企業-資格支援制度・賞与など多数待遇あり◎
[log: 2021-05-27-09-24-42] 215件目成功 : 株式会社ピーアール・デイリー | 仙台営業所 創立59年の安心！実績トップクラスの求人広告代理店
[log: 2021-05-27-09-24-42] 216件目成功 : 有限会社ライラクス | <2019⇒2020年の間で売上480％UP>WEBデザインチームの新規募集
[log: 2021-05-27-09-24-43] 217件目成功 : 株式会社アップタウン | ★30年の歴史 ★転勤なし ★収入UPも可能 ★1から学べる職場
[log: 2021-05-27-09-24-43] 218件目成功 : HULK建設株式会社 | あなたの成果をしっかり評価！業界高水準の給与をご用意します。
[log: 2021-05-27-09-24-43] 219件目成功 : 株式会社アサックス | 【東証一部上場】★残業少★土日祝休み★20代で年収700万円も可
[log: 2021-05-27-09-24-43] 220件目成功 : キュープラス株式会社 | 残業ほぼなし・定時退社可/完全週休二日制/高い昇給率で収入UP可
[log: 2021-05-27-09-24-43] 221件目成功 : 株式会社Pledge Clover | #平均月収35万円#平均26歳#前年比300％UP#UIターンOK#名古屋限定
[log: 2021-05-27-09-24-43] 222件目成功 : 光和電設株式会社 | 100%直請け★アパホテルやドン・キホーテ、コメリなどの実績多数
[log: 2021-05-27-09-24-43] 223件目成功 : 株式会社ピーアール・デイリー | 創立59年の安心！媒体掲載実績トップクラスの求人広告代理店
[log: 2021-05-27-09-24-43] 224件目成功 : 株式会社ブッシュクロフィード | 年間休日125日◆土日祝休◆経験者優遇◆大きな裁量も魅力
[log: 2021-05-27-09-24-43] 225件目成功 : 有限会社アイユーホーム | 設立以来、決算賞与支給中！残業月20時間程度！
[log: 2021-05-27-09-24-43] 226件目成功 : ＬＵＣＩＯＮ＆Ｃｏｍｐａｎｙ株式会社 | 国の進めるエネルギー事業に貢献/残業少なめ/月収150万円も可能
[log: 2021-05-27-09-24-44] 227件目成功 : 株式会社アドヴァンス | 【 2021年6月26日(土) マイナビ転職フェア熊本に出展します 】
[log: 2021-05-27-09-24-44] 228件目成功 : 株式会社ヨドバシカメラ | 業界異例の正社員比率96.4% ★福利厚生も大手ならでは！
[log: 2021-05-27-09-24-44] 229件目成功 : 株式会社CREA HOME | 設立より3期連続で増収増益｜ゆくゆくは年収600万円以上も可能
[log: 2021-05-27-09-24-44] 230件目成功 : 東京経済株式会社 | 経験は不問。研修でじっくり基礎から学べる
[log: 2021-05-27-09-24-44] 231件目成功 : 株式会社メイズ | ☆年休120日以上☆完全週休2日制☆1週間以上の長期休暇×年2回
[log: 2021-05-27-09-24-44] 232件目成功 : 株式会社ナチュレカード | 〈 建物検査事業 〉◎未経験歓迎 ◎男女・年齢・ブランク不問
[log: 2021-05-27-09-24-44] 233件目成功 : Garrett Japan合同会社 | 【大人気ポップコーンのお店】★有給消化100％★正社員登用あり
[log: 2021-05-27-09-24-44] 234件目成功 : 株式会社総合資格 | ◆業界トップクラスの実績／平均年収825万円／年間休日112日以上
[log: 2021-05-27-09-24-44] 235件目成功 : クリーンデバイス・テクノロジー株式会社
[log: 2021-05-27-09-24-44] 236件目成功 : 株式会社HI-LINE | 【条件に合う方全員面接】家族手当充実！賞与昨年度実績3ヶ月分
[log: 2021-05-27-09-24-45] 237件目成功 : 株式会社日栄テック | 残業は月平均20時間以内でリフレッシュ休暇(5連休)も取得可能！
[log: 2021-05-27-09-24-45] 238件目成功 : 株式会社ブッシュクロフィード | 経験豊富なあなたを”部長補佐”としてお迎えします★
[log: 2021-05-27-09-24-45] 239件目成功 : エントロス株式会社 | ★頑張りは給与でしっかり還元★【大阪府緊急雇用対策に賛同】
[log: 2021-05-27-09-24-45] 240件目成功 : 株式会社京進 | 東証二部上場
[log: 2021-05-27-09-24-45] 241件目成功 : 株式会社前平電機 | 年収700万円の実績あり／賞与年間3回支給実績あり（前年度）
[log: 2021-05-27-09-24-45] 242件目成功 : 株式会社マリオットバケーションクラブインターナショナル | ＜タイムシェアのリーディングカンパニー＞正社員登用の実績あり
[log: 2021-05-27-09-24-45] 243件目成功 : 株式会社UPSTART | 設立3年で5名から120名に！営業アウトソーシング急成長企業！
[log: 2021-05-27-09-24-45] 244件目成功 : 株式会社LTCパートナーズ | 事業部長候補／年間休日125日以上／残業ほぼなし／学歴不問
[log: 2021-05-27-09-24-45] 245件目成功 : 株式会社ワンダー | 約20兆円のマーケットで高い成約率 ！※大阪緊急雇用対策に賛同
[log: 2021-05-27-09-24-45] 246件目成功 : フジミハウジング株式会社 | TV番組などメディア出演多数！★連休取得OK/退職金制度有
[log: 2021-05-27-09-24-46] 247件目成功 : 株式会社マイホーム | 「センチュリー２１」でお馴染み！ 収入もスキルアップも充実！
[log: 2021-05-27-09-24-46] 248件目成功 : 株式会社マリオットバケーションクラブインターナショナル
[log: 2021-05-27-09-24-50] 249件目成功 : 株式会社松陰会舘 | ＊20～30代が活躍中＊年休124日＊残業月平均10時間＊月給27万～
[log: 2021-05-27-09-24-50] 250件目成功 : リアルティ株式会社 | ★毎月インセン&賞与年2回★20代で営業所長の実績あり
[log: 2021-05-27-09-24-50] 251件目成功 : 株式会社窪治組 | ほぼ残業なし★社員寮完備★週休2日★実働7.5時間★各種手当充実
[log: 2021-05-27-09-24-50] 252件目成功 : 株式会社インターレイズ | ◆大阪府緊急雇用対策に賛同／未経験OK／学歴不問／全員面接可
[log: 2021-05-27-09-24-50] 253件目成功 : 大長産業株式会社 | 創業32年の安定企業／未経験歓迎／月給30万円～／40代以上活躍中
[log: 2021-05-27-09-24-50] 254件目成功 : スカイジャパン株式会社 | 入社1年目で月給９万円UPした社員も！在宅勤務もOK！
[log: 2021-05-27-09-24-51] 255件目成功 : アパルトマンイクシーズ株式会社 | ★インセン年12回＋賞与年2回★年収1000万円可能★20代活躍中★
[log: 2021-05-27-09-24-51] 256件目成功 : 株式会社テクトン | WEB面接可／20代・30代活躍中／年間休日125日／土日祝休み
[log: 2021-05-27-09-24-51] 257件目成功 : 積水ハウス不動産中国四国株式会社 | 【中四国トップクラスの売上高・積水ハウスグループ】賞与年3回
[log: 2021-05-27-09-24-51] 258件目成功 : 株式会社日本総合ビジネス | ─◆総合広告代理店として成長中／土日祝休／残業10h以下◆─
[log: 2021-05-27-09-24-51] 259件目成功 : 株式会社浜石工務店 | TV・ラジオCMでもお馴染み！創業46年・地域密着型の堅実派企業
[log: 2021-05-27-09-24-51] 260件目成功 : 株式会社アイシーイノベーション | ★土日祝休み ★特別手当年3回 ★残業平均月10h
[log: 2021-05-27-09-24-51] 261件目成功 : アパルトマンイクシーズ株式会社 | 伸びしろある事業とともに自身の成長も実現　★土日祝休み
[log: 2021-05-27-09-24-51] 262件目成功 : 株式会社フットワーク | 創業30年以上！東京、町田市の安定企業◆転勤なし◆週休2日制
[log: 2021-05-27-09-24-51] 263件目成功 : 株式会社ユースリー | 転勤なし・土日祝休・有給消化100％・時流に沿った働き方を展開
[log: 2021-05-27-09-24-52] 264件目成功 : 株式会社トラスト不動産 | 【ハウスドゥ北大路大宮店】6月OPEN！同期と共に成長できる
[log: 2021-05-27-09-24-52] 265件目成功 : 株式会社ファーラウト | インセンティブだけで年間1000万円も可能！
[log: 2021-05-27-09-24-52] 266件目成功 : 株式会社OMY | インフルエンサービジネスを活用した広告代理店★正社員登用あり
[log: 2021-05-27-09-24-52] 267件目成功 : 株式会社タイセイリサイクル | リサイクル事業を展開＊環境省「エコアクション21」の認証取得
[log: 2021-05-27-09-24-52] 268件目成功 : 株式会社朝日写真ニュース社 | ◆報奨金制度あり◆20代が活躍中！◆テレワークもOK！◆転勤なし
[log: 2021-05-27-09-24-52] 269件目成功 : 株式会社フォーカスタマーズ | ◆2つのインセンティブで収入UP！◆昇給年4回＆賞与年2回
[log: 2021-05-27-09-24-52] 270件目成功 : 株式会社キャリアサービス | 【年休120日以上】【産休育休実績あり】★20代・30代活躍中！
[log: 2021-05-27-09-24-52] 271件目成功 : 株式会社カクダイホーム | 平均月収37万円◆年3回/3～4連休の取得OK◆年間休日105日～120日
[log: 2021-05-27-09-24-52] 272件目成功 : 株式会社エス・エル・エス福岡 | 総合レジャーサービスグループ(九州全県、広島県で32店舗展開!!)
[log: 2021-05-27-09-24-53] 273件目成功 : 不二装備工業株式会社 | 【設立68年】体育館、ホール、スポーツ施設など官公庁案件が中心
[log: 2021-05-27-09-24-53] 274件目成功 : 朝日土地建物株式会社
[log: 2021-05-27-09-24-53] 275件目成功 : 株式会社レジット | 月給37万円も可能！/ 資格支援制度 / 服装・ヘアスタイル自由
[log: 2021-05-27-09-24-53] 276件目成功 : 四国化工建設株式会社 | 「ショーボンドホールディングス（東証一部上場）」グループ
[log: 2021-05-27-09-24-53] 277件目成功 : 株式会社メディエイド | 『ヘルスケア×DX』で日本のヘルスケアを変えるベンチャー企業！
[log: 2021-05-27-09-24-53] 278件目成功 : 株式会社丸八ダイレクト | ◆名証二部上場「丸八グループ」◆WEB面接可◆報奨金・賞与年2回
[log: 2021-05-27-09-24-53] 279件目成功 : レイス株式会社 | 国内TOPクラスの総合コンサルティング会社
[log: 2021-05-27-09-24-53] 280件目成功 : レイス株式会社 | 国内TOPクラスの総合コンサルティング会社
[log: 2021-05-27-09-24-53] 281件目成功 : 株式会社サンドリア | 【パナソニックLSスマートエナジー（株）一次販売代理店】
[log: 2021-05-27-09-24-53] 282件目成功 : 日本テンポラリーハウス株式会社 | 社員の全員が未経験スタートなので安心！土日面接OK！
[log: 2021-05-27-09-24-54] 283件目成功 : 株式会社TERASS | 年収2000万も可能/仲介手数料の75％が年収/出社義務無し/副業OK!
[log: 2021-05-27-09-24-54] 284件目成功 : 株式会社日本アムスコ | 大手の開発プロジェクトに貢献／残業月20h程度／年間休日125日
[log: 2021-05-27-09-24-54] 285件目成功 : 株式会社大登 | 月給24万円~に歩合＆各種インセン賞与年2回◆やる気と実積を評価
[log: 2021-05-27-09-24-54] 286件目成功 : 株式会社ヤマキ | #移転したばかりのNEWオフィス#資格手当や毎年昇給あり#定着度高
[log: 2021-05-27-09-24-54] 287件目成功 : 株式会社ホンダカーズ三重東 | ★毎週火曜＆水曜固定休み★年休113日★平日休みも良いですよ♪
[log: 2021-05-27-09-24-54] 288件目成功 : 株式会社コンセプト | 競馬関連のプロモーションを担う制作会社 ◎WEB面接1回のみ！
[log: 2021-05-27-09-24-54] 289件目成功 : 第一交通株式会社 | 【上場企業"第一交通産業グループ"】年収450万円以上も可能
[log: 2021-05-27-09-24-54] 290件目成功 : 有限会社セイファ | ＜介護・福祉を通じて社会に貢献する企業＞＊賞与4ヶ月分＊
[log: 2021-05-27-09-24-54] 291件目成功 : 株式会社小宮測量 | ◆1日あたり11000円～⇒日給月給28.6万円～しっかり稼げる♪
[log: 2021-05-27-09-24-54] 292件目成功 : 株式会社ユーエムロジ | 【AT限定でも応募可】残業ほぼなし｜月給31万円以上の高収入！
[log: 2021-05-27-09-24-54] 293件目成功 : 株式会社プログランス | 新サービス展開中！◆完全週休2日(土日祝)◆有給申請取得率100%
[log: 2021-05-27-09-24-55] 294件目成功 : 日本コンセントリクス株式会社 | ★完全在宅勤務・完全週休2日制・年休121日・原則定時退社★
[log: 2021-05-27-09-24-55] 295件目成功 : アークネット株式会社 | 「やる気スイッチ」のスクールIE,英会話スクール「WinBe」を運営
[log: 2021-05-27-09-24-55] 296件目成功 : 株式会社リクルート北関東マーケティング | （RKM）【リクルートグループ】
[log: 2021-05-27-09-24-55] 297件目成功 : 株式会社ワークステーション | TERRA COAT(テラ・コート)
[log: 2021-05-27-09-24-55] 298件目成功 : 株式会社グリード | ＼ Web面接も可能 ／ 人気のエリア福岡でネクストキャリアを―！
[log: 2021-05-27-09-24-59] 299件目成功 : 宮崎海運株式会社 | 海で働くスケールの大きな仕事／給与も高水準で定着率抜群★
[log: 2021-05-27-09-24-59] 300件目成功 : 関東総合設備工事株式会社 | 関電工（東証1部上場）の案件がほぼ100%を占める安定企業！
[log: 2021-05-27-09-24-59] 301件目成功 : 株式会社進和ホームメンテナンス | 完全週休2日制／静岡で腰を据えて活躍／月収100万円も目指せる！
[log: 2021-05-27-09-24-59] 302件目成功 : 株式会社栄進コンサルタント | フレックスタイム制を導入！原則残業もなく自由に働ける環境です
[log: 2021-05-27-09-24-59] 303件目成功 : 株式会社前原土建 | 【キャリアUPもOK】将来的には年収800～900万の大台も目指せる！
[log: 2021-05-27-09-24-59] 304件目成功 : 京都第一交通株式会社 | 【業界大手の第一交通産業グループ】◎月収30万円以上も多数在籍
[log: 2021-05-27-09-24-59] 305件目成功 : 北王流通株式会社 | 設立から30年◆働きやすさ抜群の安定環境で長～く勤務◆
[log: 2021-05-27-09-25-00] 306件目成功 : 有限会社力工業 | ＜日払い・週払い相談OK＞複数資格の取得をサポート
[log: 2021-05-27-09-25-00] 307件目成功 : 株式会社エム・シー・ピー | ★基本定時退社★正当評価で年収1000万円も可能★昇給年4回
[log: 2021-05-27-09-25-00] 308件目成功 : 株式会社Fun Work | 国家資格・民間資格の取得をサポート！月収50万円以上も可能！
[log: 2021-05-27-09-25-00] 309件目成功 : 株式会社伸芽会 | <校舎数増加の成長企業>★残業月平均20hほど★福利厚生充実
[log: 2021-05-27-09-25-00] 310件目成功 : 株式会社エム・シー・ピー | ★年齢不問★連続休暇取得も可★資格取得支援有★20～50代活躍中
[log: 2021-05-27-09-25-00] 311件目成功 : 株式会社コアグラフィックス | 【キャラ・アニメコラボ企画多数】土日祝休★年間休日120日以上
[log: 2021-05-27-09-25-00] 312件目成功 : 株式会社ＩＢＪ | 【東証一部上場企業】◆年休124日◆完全週休2日(土日祝)
[log: 2021-05-27-09-25-00] 313件目成功 : 山三交通株式会社 | 未経験活躍中／格安＆キレイな社員寮有！上京も支援／Web面接OK
[log: 2021-05-27-09-25-00] 314件目成功 : 株式会社ノア | 大手メーカー・家電量販店から信頼の厚い専門商社★残業ほぼなし
[log: 2021-05-27-09-25-00] 315件目成功 : 株式会社ツイテルホーム | 転勤なし｜未経験でも高収入｜ノルマなし｜WEB面接実施中
[log: 2021-05-27-09-25-01] 316件目成功 : 株式会社建築資料研究社 | 景気に左右されない！資格系スクール「日建学院」を運営
[log: 2021-05-27-09-25-01] 317件目成功 : 関西ポリマー株式会社 | 創業40年｜年休122日｜未経験歓迎｜大阪府緊急雇用対策に賛同
[log: 2021-05-27-09-25-01] 318件目成功 : 株式会社くらいす住建 | ★未経験でも月給30万～選択可★目標は全社員有給取得率100%！
[log: 2021-05-27-09-25-01] 319件目成功 : エアリーヴィレッジ株式会社 | 経験を活かして「即戦力」として活躍｜面接1回
[log: 2021-05-27-09-25-01] 320件目成功 : 株式会社KDDIエボルバ | 《男女共に活躍出来る職場》年間休日123日／残業も殆どナシ
[log: 2021-05-27-09-25-01] 321件目成功 : 福岡エムケイ株式会社 | 【 MKグループ 】★ 6月6日(日)福岡転職セミナー参画 ★
[log: 2021-05-27-09-25-01] 322件目成功 : 有限会社高本鑑定事務所 | 【大阪府緊急雇用対策に賛同】月収50万超も可能｜完全週休2日
[log: 2021-05-27-09-25-01] 323件目成功 : 株式会社エスコーポレーション | 大阪府緊急雇用対策に賛同／月収50万円超も可／完全週休2日
[log: 2021-05-27-09-25-01] 324件目成功 : 株式会社エイトハウジング | ★★未経験でも大歓迎★★業績好調！大阪府緊急雇用対策に賛同
[log: 2021-05-27-09-25-01] 325件目成功 : 株式会社サンライト | 茨城県水戸市に拠点を置いたリフォーム事業で、売上前年比139％
[log: 2021-05-27-09-25-02] 326件目成功 : 株式会社ステップアップ | 県外応募も大歓迎！引越手当あり/基本月9日休み/コロナ対策万全
[log: 2021-05-27-09-25-02] 327件目成功 : 西日本高速道路エンジニアリング中国株式会社 | 【NEXCO西日本グループ】◎年収600万円以上も目指せます！
[log: 2021-05-27-09-25-02] 328件目成功 : 鹿島フィット株式会社 | 大手ゼネコン鹿島グループ｜充実した福利厚生
[log: 2021-05-27-09-25-02] 329件目成功 : 株式会社日本シーマート | 《イオンタウン茨木太田店内に新店OPEN》大阪・奈良に5店舗展開
[log: 2021-05-27-09-25-02] 330件目成功 : 株式会社トータル | 賞与年2回＋決算賞与は8年連続で支給｜毎年5,000円以上昇給あり
[log: 2021-05-27-09-25-02] 331件目成功 : 株式会社ポイント | 【大阪府緊急雇用対策に賛同】インセンティブ・1台につき30万円
[log: 2021-05-27-09-25-02] 332件目成功 : 新日本ネクステート株式会社 | ◇30代・男性が活躍中◇スキルを活かせて働き方自由！ノルマなし
[log: 2021-05-27-09-25-02] 333件目成功 : 株式会社ルクス | コロナ禍でも急成長の業界/実力次第で高収入/20～30代活躍中
[log: 2021-05-27-09-25-02] 334件目成功 : 株式会社千商 | 出退勤や工程管理をIT化！ドローンスクールへの通学も検討中
[log: 2021-05-27-09-25-02] 335件目成功 : 株式会社キュービック | ＜業績好調成長中！＞残業ほぼ無★賞与年2◎有休消化率80％以上
[log: 2021-05-27-09-25-03] 336件目成功 : 株式会社東亜産業 | 20代～30代中心に活躍中／年間休日120日以上
[log: 2021-05-27-09-25-03] 337件目成功 : 大洋建設株式会社 | ☆定着率高／週休2日☆大使館や消防庁、大手企業など取引多数！
[log: 2021-05-27-09-25-03] 338件目成功 : タツミ電気工業株式会社 | 設立からの離職者ゼロ。大手電気工事会社からの受注で安定成長。
[log: 2021-05-27-09-25-03] 339件目成功 : 株式会社コプロ・エンジニアード | 東証・名証一部上場のコプロ・ホールディングスグループ
[log: 2021-05-27-09-25-03] 340件目成功 : 上海中和軟件有限公司 | (上海中和株式会社)◆大手直取引◆日中合弁企業として1991年設立
[log: 2021-05-27-09-25-03] 341件目成功 : イオンリチウムエナジー株式会社 | 【 隔週週休3日制 】新拠点が続々とオープン！成長企業で活躍
[log: 2021-05-27-09-25-03] 342件目成功 : 株式会社ヒビヤト | 未経験OK！日給月給22万7,500円以上スタート！◆100％面接保証
[log: 2021-05-27-09-25-03] 343件目成功 : 有限会社中日本物流 | 自分専用トラック！／創業35年の安定企業／体力的負担が少ない！
[log: 2021-05-27-09-25-03] 344件目成功 : FUJINO HOUSE ENGINEERING株式会社 | #大阪府緊急雇用対策に賛同#シンプルワーク#Web面談#副業可
[log: 2021-05-27-09-25-03] 345件目成功 : 株式会社カインドホーム宇都宮 | 月給30万～70万円+高額インセンで年収800～900万円も実現可能！
[log: 2021-05-27-09-25-04] 346件目成功 : 日本車輛洗滌機株式会社 | 《創業60年超》新幹線や列車、バス等の洗車機を製造・販売
[log: 2021-05-27-09-25-04] 347件目成功 : センターゲート株式会社 | *土日祝休み*原則定時退社*テレアポなし*
[log: 2021-05-27-09-25-04] 348件目成功 : 株式会社Ｆｏｒ　Ｙｏｕ　Ｃｏｎｓｕｌｔｉｎｇ | やる気スイッチの「スクールIE」運営/上尾・北本・鴻巣で新教室!
[log: 2021-05-27-09-25-07] 349件目成功 : 株式会社A-Trus | ☆年間休日122日☆《 毎月の歩合給あり！頑張りが収入に直結！》
[log: 2021-05-27-09-25-07] 350件目成功 : 株式会社Ｍｕｓｈ－Ｒｏｏｍ | 【大阪府緊急雇用対策に賛同】■大手クライアントとの取引多数
[log: 2021-05-27-09-25-07] 351件目成功 : 株式会社ユーアイテック | 右肩上がりの成長を継続
[log: 2021-05-27-09-25-07] 352件目成功 : 東山管理センター株式会社 | 関西トップクラスの実績／資格手当など福利厚生充実
[log: 2021-05-27-09-25-08] 353件目成功 : 株式会社ドリームジャック | 【売上155％増で拡大中】1人ひとりの理想を応援！★副業もOK
[log: 2021-05-27-09-25-08] 354件目成功 : 株式会社曙佳源 | 安定成長中！グローバルIT企業★残業月20時間以下
[log: 2021-05-27-09-25-08] 355件目成功 : 株式会社フィット | 新型コロナにも影響されない／大手と直取引で安定の経営基盤！
[log: 2021-05-27-09-25-08] 356件目成功 : 株式会社めいしんグループ | 努力や成果をインセンティブで還元！◎年間休日120日以上
[log: 2021-05-27-09-25-08] 357件目成功 : FUJITSU UT株式会社 | 完全週休二日制(土日休)／残業少なめ／月給20万円以上も可能！
[log: 2021-05-27-09-25-08] 358件目成功 : 株式会社ファイン | 駅近 ＊ 面接保証 ＊ 未経験OK ＊ 20代社員活躍中
[log: 2021-05-27-09-25-08] 359件目成功 : 株式会社wings | ［一番のキレイはお客様の笑顔］クリーニング業界のパイオニア
[log: 2021-05-27-09-25-08] 360件目成功 : 株式会社前川造園土木 | 大手電力会社と直取引＆業績安定／大阪府緊急雇用対策に賛同
[log: 2021-05-27-09-25-09] 361件目成功 : 株式会社マツミ | フランク&自由な社風で、誰よりも楽しく働きたいなら当社一択！
[log: 2021-05-27-09-25-09] 362件目成功 : 株式会社大軌 | 月収32万円以上を目指せる／賞与3回／大阪府緊急雇用対策に賛同
[log: 2021-05-27-09-25-09] 363件目成功 : 株式会社太田興産 | JASDAQ上場（株）ジェーソンの持株会社◆銀座4丁目の自社ビル！
[log: 2021-05-27-09-25-09] 364件目成功 : 株式会社ワークナビ.com | [ コロナ前より業績好調！]■2021年ベストベンチャー100に選出！
[log: 2021-05-27-09-25-09] 365件目成功 : 松田土木工業株式会社 | 姫路密着／リピート多数／増収増益★7年連続決算賞与支給中
[log: 2021-05-27-09-25-09] 366件目成功 : 株式会社ライフエージェント | 業績UP！コロナの影響なし！病院など専門的な内装工事のプロ集団
[log: 2021-05-27-09-25-09] 367件目成功 : 東葉技建株式会社 | 賞与年2回、昨年6ヵ月支給！年収700万円超の先輩も多数在籍中
[log: 2021-05-27-09-25-09] 368件目成功 : 株式会社海山組 | 【ベテランのスキル、歓迎します。】※※年齢不問募集※※
[log: 2021-05-27-09-25-09] 369件目成功 : 株式会社晃和コンサルタント | 宮崎で業界トップクラスの実績☆スキルアップも目指せる！
[log: 2021-05-27-09-25-09] 370件目成功 : 冨士自動車株式会社 | 安定のKmグループ★年220休も可能／平均年収500万円／電話面接可
[log: 2021-05-27-09-25-09] 371件目成功 : 信盛物流株式会社 | 【1人1車！車内環境もあなたの自由！】大阪府緊急雇用対策に賛同
[log: 2021-05-27-09-25-10] 372件目成功 : 三喜工業株式会社 | <海外事業も積極的>コロナの影響もほぼなしの安定&成長企業
[log: 2021-05-27-09-25-10] 373件目成功 : 株式会社今井自動車教習所 | ☆販売・サービス業出身者多数活躍中【フォロー体制抜群の環境】
[log: 2021-05-27-09-25-10] 374件目成功 : 株式会社エス・ケー・アイ | 医師専門人材エージェント
[log: 2021-05-27-09-25-10] 375件目成功 : 新日本住建株式会社 | ★チャンスも大きい！最大4名採用 ★土日祝休みと働きやすい環境
[log: 2021-05-27-09-25-10] 376件目成功 : 株式会社エイコーレンタサービス | コロナ禍でも拡大！コインパーキングを運営する成長企業
[log: 2021-05-27-09-25-10] 377件目成功 : ケイエイツー株式会社 | 店舗拡大中の急成長住宅メーカー★2020年度グッドデザイン賞受賞
[log: 2021-05-27-09-25-10] 378件目成功 : 株式会社タイセイ | 感謝と稼ぎが比例する総合不動産会社｜大阪府緊急雇用対策に賛同
[log: 2021-05-27-09-25-10] 379件目成功 : 株式会社興徳クリーナー | 転勤・出張・夜勤なし／だんじり祭りの時期のお休みなども相談OK
[log: 2021-05-27-09-25-10] 380件目成功 : 株式会社ARS | 連続売上UP!業界高水準の給与!/選べる賞与年4回orインセンティブ
[log: 2021-05-27-09-25-10] 381件目成功 : 株式会社Y’S GARAGE | 完全週休2日残業月10h／住宅手当支給でU・Iターン歓迎／未経験OK
[log: 2021-05-27-09-25-10] 382件目成功 : 株式会社アクト | ＼賞与は4～5ヶ月分を支給／残業は月平均10時間ほどです
[log: 2021-05-27-09-25-11] 383件目成功 : 株式会社メディカルアシスト | <大阪府緊急雇用対策に賛同>年休120日以上／難波駅より徒歩スグ
[log: 2021-05-27-09-25-11] 384件目成功 : 株式会社東名 | 2020年7月に東証・名証一部に上場しました！
[log: 2021-05-27-09-25-11] 385件目成功 : 株式会社Y’S GARAGE | 経験者月給30万円以上／住宅手当支給でU・Iターン歓迎／未経験OK
[log: 2021-05-27-09-25-11] 386件目成功 : Bigmac株式会社 | 3期連続で200%成長を遂げているデジタルマーケティング企業
[log: 2021-05-27-09-25-11] 387件目成功 : 株式会社LIV | 大手芸能プロダクションと提携！応募～内定まで1週間以内！
[log: 2021-05-27-09-25-11] 388件目成功 : 株式会社ケーシーエス・エス | 大阪府内を中心とした近距離のみ／【大阪府緊急雇用対策に賛同】
[log: 2021-05-27-09-25-11] 389件目成功 : 株式会社SAMURAI | ■賞与支給実績は年3回 ■営業ノルマなし ■堅苦しくない店舗
[log: 2021-05-27-09-25-11] 390件目成功 : ロビンスジャパン株式会社 | SUUMO 関東 注文住宅・工務店ランキング2016～2020年第1位
[log: 2021-05-27-09-25-11] 391件目成功 : 株式会社ケーシーエス | 完全週休2日or週休2日で働き方を選べる／普通免許があれば応募OK
[log: 2021-05-27-09-25-11] 392件目成功 : 株式会社北浦板金 | 大阪府緊急雇用対策に賛同｜月給30万円以上も可／土日休みもOK
[log: 2021-05-27-09-25-11] 393件目成功 : 株式会社近畿サービス | 創業63年の安定基盤／エコ事業を展開／大阪府緊急雇用対策に賛同
[log: 2021-05-27-09-25-12] 394件目成功 : 株式会社マリーロード | 《ラシュレディアコート》週休二日／賞与年2回／男女共に活躍中
[log: 2021-05-27-09-25-12] 395件目成功 : 株式会社関塾 | 完全個別指導塾「Dr.関塾」を運営／月給30万（試用期間25万円）
[log: 2021-05-27-09-25-12] 396件目成功 : 株式会社エフテック | ★月給30万円以上！家族手当や住宅手当など待遇も充実！
[log: 2021-05-27-09-25-12] 397件目成功 : 株式会社大通 | 全国の公営競技施設の電気工事を手掛ける会社 ★賞与最大150万円
[log: 2021-05-27-09-25-12] 398件目成功 : 株式会社小山電機工事 | ★電話問合せOK(076-274-8004)★Max60万円の職長手当あり
[log: 2021-05-27-09-25-15] 399件目成功 : 鶴ホーム株式会社 | 最大月給45万円＋明瞭なインセンティブ制度あり！完全反響営業
[log: 2021-05-27-09-25-15] 400件目成功 : nts株式会社 | 大手各社と安定取引＆案件増を継続中◎
[log: 2021-05-27-09-25-15] 401件目成功 : 株式会社倉嶋自動車商会 | 【MAZDA Autozam 焼津】／地域密着×業績好調
[log: 2021-05-27-09-25-15] 402件目成功 : 株式会社エーライド | SNS、動画、広告等の幅広い商材を使い採用を支援！未経験歓迎★
[log: 2021-05-27-09-25-16] 403件目成功 : タウンクロス株式会社 | 賞与5～6か月支給実績あり！★12年連続増収増益の安定基盤★
[log: 2021-05-27-09-25-16] 404件目成功 : 株式会社ワイズ高橋 | 設立約20年の安定企業！海外報奨旅行・退職金などの制度あり！
[log: 2021-05-27-09-25-16] 405件目成功 : 株式会社大黒屋 | #大阪府緊急雇用対策に賛同#経験者は収入で優遇#整った労務環境
[log: 2021-05-27-09-25-16] 406件目成功 : 株式会社川村インターナショナル | 英語力が活かせる／年休125日／コロナ禍でも安定経営！
[log: 2021-05-27-09-25-16] 407件目成功 : 有限会社ヤマテック | 関西エリアの幅広い電気工事に対応／賞与は最大年100万円も可能
[log: 2021-05-27-09-25-16] 408件目成功 : 株式会社エフ・アール・エス | 【新拠点も立上の成長企業】◆賞与＆歩合で年収1,000万超えOK！
[log: 2021-05-27-09-25-16] 409件目成功 : 株式会社司興業 | 官庁（県・市橋梁補修含む）、民間（開発工事・鉄道土木ほか）
[log: 2021-05-27-09-25-16] 410件目成功 : 株式会社ヴェス | 市場規模は約5兆円◎累計1万件超の実績【第三者検証の専門企業】
[log: 2021-05-27-09-25-16] 411件目成功 : 株式会社沖縄ユーポス | 【 ユーポスグループ 】20代の若手社員が続々と入社しています
[log: 2021-05-27-09-25-16] 412件目成功 : 株式会社EnjoyLifeCompany | 九州電力グループ・株式会社QTnetのパートナー企業
[log: 2021-05-27-09-25-17] 413件目成功 : 株式会社逢慈 | 社用車は1人1台／有給は10日以上取得／大阪府緊急雇用対策に賛同
[log: 2021-05-27-09-25-17] 414件目成功 : 株式会社ミナカミ | 創業昭和32年／資格手当も最大5万円と充実／年間休日125日
[log: 2021-05-27-09-25-17] 415件目成功 : アキバネクサス株式会社 | ◆履歴書不要 ◆面接1回 ◆即時勤務OK ◆コロナ禍でも安定経営
[log: 2021-05-27-09-25-17] 416件目成功 : 株式会社環境設備 | ＜業績好調＞賞与年4回／社用車1人1台／社宅用意可／WEB面接OK
[log: 2021-05-27-09-25-17] 417件目成功 : 株式会社福岡地行 | 新築分譲/新築注文住宅を軸に総合的な不動産事業を展開する企業
[log: 2021-05-27-09-25-17] 418件目成功 : 株式会社鶴電工業 | 大規模な発電所等の建設工事に携われる全国有数の企業です!!
[log: 2021-05-27-09-25-17] 419件目成功 : 昭和エンジニアリング株式会社 | 【幅広い年代が多数活躍中！】※大阪府緊急雇用対策に賛同
[log: 2021-05-27-09-25-17] 420件目成功 : 株式会社AZEAL BRANDING | ★「映像」を利用したブランディングを強みに急成長を続ける企業
[log: 2021-05-27-09-25-17] 421件目成功 : 株式会社アビックスコーポレーション | 《メルセデスベンツ正規取扱・YANASE販売協力店》★ノルマなし
[log: 2021-05-27-09-25-17] 422件目成功 : ONODA株式会社 | ★皇居を望む見晴らし抜群のオフィス！★週休2日制（土・日）
[log: 2021-05-27-09-25-17] 423件目成功 : 株式会社丸二製作所 | 週休2日制(土日)｜資格取得のたびに報奨金(5万円)支給｜創業54年
[log: 2021-05-27-09-25-18] 424件目成功 : コスモコントロール株式会社 | 頑張りは賞与でダイレクトに還元！年収1,000万社員も多数在籍！
[log: 2021-05-27-09-25-18] 425件目成功 : 株式会社ＴＨＲＥＥ | ★インセンで月10～25万円も可能！ 5月8日名古屋転職フェア参画
[log: 2021-05-27-09-25-18] 426件目成功 : 株式会社ネクスト・トライ | 残業ほぼなし&週休2日制★
[log: 2021-05-27-09-25-18] 427件目成功 : 株式会社ディーライン | ☆週休2日制／土日休み／賞与年2回／手当充実
[log: 2021-05-27-09-25-18] 428件目成功 : 関西イシダ株式会社 | #世界有数のはかりメーカー#賞与5ヶ月実績
[log: 2021-05-27-09-25-18] 429件目成功 : 丸富運輸有限会社 | 免許取得は入社後でOK/社員寮有/ローソン部積極採用/電話問合OK
[log: 2021-05-27-09-25-18] 430件目成功 : グローバルイズム株式会社 | 「マイナビ転職」「マイナビバイト」など…取り扱い媒体多数！
[log: 2021-05-27-09-25-18] 431件目成功 : 株式会社ケー・イー・シー | ■社宅・引越し補助有■環境保全のためコロナの影響が少なく安定
[log: 2021-05-27-09-25-18] 432件目成功 : 株式会社GLOBAL BEAUTY | 《年商10億円》安定感抜群のグローバルホールディングスグループ
[log: 2021-05-27-09-25-18] 433件目成功 : 札幌三信運輸株式会社 | 【磐栄ホールディングス】マイナビ転職から入社した先輩も活躍中
[log: 2021-05-27-09-25-18] 434件目成功 : 株式会社シンワ | 日曜固定休み＆長期連休も取得OK！資格取得支援や手当も充実！
[log: 2021-05-27-09-25-19] 435件目成功 : 株式会社ユーアイ | WEB面接OK｜世界中の船の整備を任される会社で技術を学ぼう
[log: 2021-05-27-09-25-19] 436件目成功 : 株式会社福コンサルタント | 土日祝休み／住宅手当／残業なし／高収入／面接1回／副業可
[log: 2021-05-27-09-25-19] 437件目成功 : 華為技術日本株式会社
[log: 2021-05-27-09-25-19] 438件目成功 : 大東実業株式会社 | ★大東グループの安定基盤で働く★有給取得率◎★20～30代活躍中
[log: 2021-05-27-09-25-19] 439件目成功 : 富士防災警備株式会社 | FUJI DR SECURITY Co. ,LTD.　◆月8～9日休み ◆退職金制度あり
[log: 2021-05-27-09-25-19] 440件目成功 : 明興電設株式会社 | TEL問い合わせOK⇒048-961-8751★30代で年収800万以上の先輩も！
[log: 2021-05-27-09-25-19] 441件目成功 : 梅田運輸倉庫株式会社 | 【大阪府緊急雇用対策に賛同】設立72年！物流業界の老舗企業！
[log: 2021-05-27-09-25-19] 442件目成功 : 華為技術日本株式会社
[log: 2021-05-27-09-25-19] 443件目成功 : 株式会社NEXT STORIES | 【大阪府緊急雇用対策に賛同】■選べる働き方■祝い金・手当充実
[log: 2021-05-27-09-25-19] 444件目成功 : 株式会社アイプロホールディングス | ◆残業月20h以内/営業中央値年収約741万円/有給消化率85％
[log: 2021-05-27-09-25-19] 445件目成功 : 株式会社東海サービスセンター | 未経験の方も月給27万円◆あなたの人生、当社で変えませんか？◆
[log: 2021-05-27-09-25-20] 446件目成功 : 明大潜水工業株式会社 | 【大阪府緊急雇用対策に賛同】※昨年賞与6ヵ月分（平均90万円）
[log: 2021-05-27-09-25-20] 447件目成功 : MIGホールディングス株式会社
[log: 2021-05-27-09-25-20] 448件目成功 : イビデン産業株式会社 | 安定・安心★売上高2,959億円を誇るイビデンのグループ企業
[log: 2021-05-27-09-25-23] 449件目成功 : 株式会社レソリューション | 自動車業界人材会社業績No.1
[log: 2021-05-27-09-25-23] 450件目成功 : 有限会社日詰電業 | ◆27歳で年収700万円を稼ぐ先輩もいます！◆年間休日118日！
[log: 2021-05-27-09-25-23] 451件目成功 : 株式会社タイセイ | 年間休日112日・最大で20連休を取得した先輩も！／面接1回
[log: 2021-05-27-09-25-23] 452件目成功 : 株式会社ユーテック | 機械のメンテナンスや製造などの経験者優遇！
[log: 2021-05-27-09-25-23] 453件目成功 : 株式会社九州冷鮮輸送 | ◎月給38万円～スタート！◎HINOや三菱ふそうのトラックで配送
[log: 2021-05-27-09-25-24] 454件目成功 : アジア熱処理技研株式会社 | 栃木工場　製造業が初めてという方も歓迎します！
[log: 2021-05-27-09-25-24] 455件目成功 : 株式会社レソリューション | 自動車業界人材会社業績No.1
[log: 2021-05-27-09-25-24] 456件目成功 : 札幌北交ハイヤー株式会社 | 免許取得～独り立ち後まで全面サポート／経験者はしっかり稼げる
[log: 2021-05-27-09-25-24] 457件目成功 : 想いコーポレーション株式会社 | 終活サービスに特化し、全国各地で信頼を築いている会社です！
[log: 2021-05-27-09-25-24] 458件目成功 : 株式会社埼玉磐根 | 《固定ルート★長距離・深夜配送なし》景気に強い業界で安定♪
[log: 2021-05-27-09-25-24] 459件目成功 : 郡司建設株式会社 | 年収850万円も可能！前職給与を最大限考慮
[log: 2021-05-27-09-25-24] 460件目成功 : 想いコーポレーション株式会社 | 終活サービスに特化し、全国各地で信頼を築いている会社です！
[log: 2021-05-27-09-25-24] 461件目成功 : 株式会社大平基礎 | 17時には工事終了。残業少なめで月収26万円以上も目指せます！
[log: 2021-05-27-09-25-24] 462件目成功 : カオンメディアジャパン株式会社 | ★韓国語を活かして活躍！★完休二日制★外資系企業
[log: 2021-05-27-09-25-24] 463件目成功 : 株式会社ヒノマル架設 | ★5月22日（土）「転職フェア 池袋」に参加します！★
[log: 2021-05-27-09-25-24] 464件目成功 : 株式会社札幌解体建設 | 転勤なし／電話問い合わせもOK！ ⇒ TEL／011-865-6060
[log: 2021-05-27-09-25-25] 465件目成功 : フルカワ工業株式会社 | 随時昇給・賞与年2回(前年度実績)・土日の週休2日制
[log: 2021-05-27-09-25-25] 466件目成功 : 株式会社中国道路施設 | 【全国でも数少ない案内標識塔の専業メーカー】★週休2日(土日)
[log: 2021-05-27-09-25-25] 467件目成功 : 株式会社三矢 | 東京都内・水道局などのスケールの大型案件がメイン★社員寮あり
[log: 2021-05-27-09-25-25] 468件目成功 : 株式会社名光電気 | 残業なし／資格取得も支援／2017年設立の新進気鋭の会社です！
[log: 2021-05-27-09-25-25] 469件目成功 : 合資会社東洋電機制御 | ☆離島で楽しく働こう！未経験からチャレンジできる！☆転勤なし
[log: 2021-05-27-09-25-25] 470件目成功 : 株式会社モリコーポレーション | 完全週休2日制／土日祝休み／年間休日123日／月給24万円以上も可
[log: 2021-05-27-09-25-25] 471件目成功 : 株式会社ウッドヴェル | ＼ 成長著しいベンチャー企業で活躍！ ／ ☆男女ともに活躍中！
[log: 2021-05-27-09-25-25] 472件目成功 : 平安衛生開発株式会社 | ＊未経験でも月給24万円～／残業なし／資格取得は全額会社負担＊
[log: 2021-05-27-09-25-25] 473件目成功 : 北摂工業株式会社 | #工場内は冷暖房完備で快適 #完全週休2日制で残業は少なめ
[log: 2021-05-27-09-25-25] 474件目成功 : 若松建設株式会社 | 賞与総額200万円以上(前年実績)◎年齢に関わらず全員支給です！
[log: 2021-05-27-09-25-26] 475件目成功 : 株式会社グロリアース | ★転職回数・マネジメント不問　★業績好調！環境事業で成長中
[log: 2021-05-27-09-25-26] 476件目成功 : 株式会社サン・サービス | ◆月30万円以上◆未経験大歓迎!充実な研修有◆大手企業取引多数!
[log: 2021-05-27-09-25-26] 477件目成功 : ダイケン株式会社 | ＜エイブルグループ＞大阪府緊急雇用対策事業に賛同
[log: 2021-05-27-09-25-26] 478件目成功 : 新日本リース株式会社 | 新日本グループの安定性あり◆経験を活かし腰を据えて働ける！
[log: 2021-05-27-09-25-26] 479件目成功 : 株式会社名神建工 | 設立10年！相談依頼増加に伴いさらに成長中の会社！土日祝休み
[log: 2021-05-27-09-25-26] 480件目成功 : 株式会社日本セイユ― | 残業少なめ／寮完備で即入居OK／日・隔土休み
[log: 2021-05-27-09-25-26] 481件目成功 : 株式会社Let's | 自由な社風が魅力◎リモートワークもOK！資格支援制度あり
[log: 2021-05-27-09-25-26] 482件目成功 : 株式会社井沢設計 | 年収600万円も可/家族・住宅手当あり/大阪府緊急雇用対策に賛同
[log: 2021-05-27-09-25-26] 483件目成功 : 有限会社福岡紙業 | #シフトによる週休2日制#土日も交代で休める#賞与年2回
[log: 2021-05-27-09-25-26] 484件目成功 : 有限会社浪速酸素商会 | 【未経験も月給207,200円～】▼年齢不問！40代の新人も活躍中♪
[log: 2021-05-27-09-25-26] 485件目成功 : 株式会社富士鳩急送 | ◆賞与年2回◆転勤なし！月収40万円も可能です！！
[log: 2021-05-27-09-25-27] 486件目成功 : 株式会社ヘヤミセ | 《 設立以来継続して増収中 》＼ 新店舗社員募集中！／
[log: 2021-05-27-09-25-27] 487件目成功 : 株式会社リンクス | 【面接1回】未経験から高収入を目指せる／土日祝／年休120日以上
[log: 2021-05-27-09-25-27] 488件目成功 : 株式会社ライフスタイル | 履歴書不要★入社祝い金10万円！レンタル車両あり★未経験歓迎
[log: 2021-05-27-09-25-27] 489件目成功 : 株式会社サンモト | ＼ 転勤なし！高収入も目指せる！／ あなたは安定派？稼ぐ派？
[log: 2021-05-27-09-25-27] 490件目成功 : 有限会社朝日新聞末津新聞舗 | ASA東久留米駅前【面接1回】バイク貸与/社員寮完備/地域密着◎
[log: 2021-05-27-09-25-27] 491件目成功 : 株式会社サンガアソシエイツ | 【さいとう税理士法人グループ】◆年休120日以上
[log: 2021-05-27-09-25-27] 492件目成功 : 株式会社KEnKI | 発電所やポンプ場に機械器具を運搬・設置し街づくりをサポート
[log: 2021-05-27-09-25-27] 493件目成功 : リコーテック株式会社 | ＼女性のおしごと掲載中♪／★転勤ナシ★昼食手当・職能手当あり
[log: 2021-05-27-09-25-27] 494件目成功 : 株式会社城西自動車学校 | ＜利便性◎＞愛媛県を代表する、中心部に位置する好立地の教習場
[log: 2021-05-27-09-25-27] 495件目成功 : 田中通信工業株式会社 | <業績好調＆需要拡大> 時代を支える「情報通信」に関わる仕事！
[log: 2021-05-27-09-25-27] 496件目成功 : 大庭社会保険労務士事務所 | ヽ＼30代の若手社員が多数活躍中/／※大阪府緊急雇用対策に賛同
[log: 2021-05-27-09-25-28] 497件目成功 : 長田広告株式会社 | 屋外広告マーケットシェアNo.1★全国73拠点・安定の無借金経営
[log: 2021-05-27-09-25-28] 498件目成功 : 株式会社フリックス | 普免のみでOK/シフトは希望考慮・休みも自由/9割以上が未経験★
[log: 2021-05-27-09-25-30] 499件目成功 : 野間ガスサービス株式会社 | ライフラインを支える安定企業／21年連続賞与年3回支給中
[log: 2021-05-27-09-25-31] 500件目成功 : アイデックス株式会社 | ★新宿駅でアクセス抜群！医療×不動産で成長を続ける安定企業
[log: 2021-05-27-09-25-31] 501件目成功 : 日進陸運株式会社 | ★愛知県からスグ★電話での問い合わせもOK 0567-66-2510
[log: 2021-05-27-09-25-31] 502件目成功 : 東建コーポレーション株式会社 | ■エリア勤務でも高収入！■上場企業で安心の将来を
[log: 2021-05-27-09-25-31] 503件目成功 : 東建コーポレーション株式会社 | ■エリア勤務でも高収入！■上場企業で安心の将来を
[log: 2021-05-27-09-25-31] 504件目成功 : 東建コーポレーション株式会社 | ■エリア勤務でも高収入！■上場企業で安心の将来を
[log: 2021-05-27-09-25-31] 505件目成功 : 株式会社ユキ設備 | 大型施設の設置実績多数★好待遇でお待ちしています！
[log: 2021-05-27-09-25-31] 506件目成功 : 株式会社センシン | ハウスメーカーへの安定取引/福利厚生充実◎未経験歓迎
[log: 2021-05-27-09-25-31] 507件目成功 : 株式会社総合資格 | 【 建築・不動産に特化した資格学校を運営 】賞与実績4.8ヶ月分
[log: 2021-05-27-09-25-31] 508件目成功 : 株式会社中央建設コンサルタント | 《 創業58年の安定・老舗企業 》賞与年3回/長期連続休暇あり
[log: 2021-05-27-09-25-32] 509件目成功 : 株式会社ウンノハウス | ☆完全週休2日制☆【研修・勉強会などスキルUPできる環境豊富】
[log: 2021-05-27-09-25-32] 510件目成功 : 株式会社ウンノハウス | 平均年収600万円以上／研修・勉強会などスキルUPできる環境豊富
[log: 2021-05-27-09-25-32] 511件目成功 : 日本メディカル株式会社 | ＜高松本社＞医療総合コンサルティング企業として厚い信頼を獲得
[log: 2021-05-27-09-25-32] 512件目成功 : 株式会社ウンノハウス | 慣れ親しんだ場所で働きたいetc...Uターン歓迎!引越代サポート
[log: 2021-05-27-09-25-32] 513件目成功 : 株式会社ウンノハウス | 平均年収600万円以上／研修・勉強会などスキルUPできる環境豊富
[log: 2021-05-27-09-25-32] 514件目成功 : 株式会社マイプレイス | 東証二部上場の株式会社あかつき本社のグループ会社
[log: 2021-05-27-09-25-32] 515件目成功 : 株式会社木村土建 | 【創業91年】企業基盤の安定力抜群！応募者は全員面接します！
[log: 2021-05-27-09-25-32] 516件目成功 : 株式会社ウンノハウス | ＼ 賞与年4回！／ GW・夏季・年末年始は5～8日休み！
[log: 2021-05-27-09-25-32] 517件目成功 : 株式会社総合資格 | 【 建築・不動産に特化した資格学校を運営 】賞与実績4.8ヶ月分
[log: 2021-05-27-09-25-32] 518件目成功 : 日研トータルソーシング株式会社 | 【売上931億円】年休最大160日＊6/12転職フェア＠広島出展
[log: 2021-05-27-09-25-33] 519件目成功 : 株式会社ミラージュ | ＜ 頑張りはしっかり評価！賞与年2回＋決算賞与 ＞
[log: 2021-05-27-09-25-33] 520件目成功 : くにうみＡＩ証券株式会社 | ★くにうみアセットマネジメントグループ
[log: 2021-05-27-09-25-33] 521件目成功 : 日研トータルソーシング株式会社 | 【売上931億円】年休最大160日＊6/12転職フェア＠横浜出展
[log: 2021-05-27-09-25-33] 522件目成功 : 日研トータルソーシング株式会社 | 【売上931億円】年休最大160日＊6/5転職フェア＠岐阜出展
[log: 2021-05-27-09-25-33] 523件目成功 : 株式会社エクススタッフ | ★6/6(日)福岡フェア出展します！★入社3か月で月収33万円以上♪
[log: 2021-05-27-09-25-33] 524件目成功 : 株式会社美雪興業 | 地域密着で、コロナの影響もほとんどなしの安定企業！
[log: 2021-05-27-09-25-33] 525件目成功 : 日研トータルソーシング株式会社 | 【売上931億円】年休最大160日＊6/5転職フェア＠宇都宮出展
[log: 2021-05-27-09-25-33] 526件目成功 : 株式会社グライブ | ★年間参加者5000名超の女性向けマネーセミナーを開催！
[log: 2021-05-27-09-25-33] 527件目成功 : 日研トータルソーシング株式会社 | 【売上931億円】年休最大160日＊6/12転職フェア＠高崎出展
[log: 2021-05-27-09-25-33] 528件目成功 : 株式会社福岡技建工業 | ◎高収入を実現可能《 固定給＋歩合制 》/完全週休2日制(土日祝)
[log: 2021-05-27-09-25-34] 529件目成功 : 株式会社近畿道路資材 | ◎WEB面接可◎―イノベーションで地球を守る―総合環境整備企業
[log: 2021-05-27-09-25-34] 530件目成功 : 長岡炭酸株式会社 | Daigas（大阪ガス）グループ/長岡採用
[log: 2021-05-27-09-25-34] 531件目成功 : 株式会社バンブーフィールド | 8～12日の長期休暇あり／完全週休2日／残業少なめ
[log: 2021-05-27-09-25-34] 532件目成功 : 株式会社YES | ◆年休125日(土日祝)◆残業月30h以内◆メリハリをつけて働ける！
[log: 2021-05-27-09-25-34] 533件目成功 : 平松電気工事株式会社 | 大規模案件多数！電気工事関連資格の保有者は優遇します！
[log: 2021-05-27-09-25-34] 534件目成功 : 株式会社當木工事 | ◆創業50年の老舗企業◆高収入・厚い待遇をご用意しています！
[log: 2021-05-27-09-25-34] 535件目成功 : スリーエムホーム兵庫株式会社 | 淡路島エリアでトップクラス★設立19年で900棟以上の着工実績！
[log: 2021-05-27-09-25-34] 536件目成功 : 株式会社ケンオウ | お客様に快適を提供する技術者集団！/平均年収703万円(2019年度)
[log: 2021-05-27-09-25-34] 537件目成功 : スリーエムホーム高知株式会社 | 東証一部上場のLIXILグループが手掛ける『アイフルホーム』FC店
[log: 2021-05-27-09-25-34] 538件目成功 : 株式会社リオグループ | #入社1年6ヶ月／年収1,200万円 #入社8ヶ月／年収640万円等の実績
[log: 2021-05-27-09-25-34] 539件目成功 : 株式会社丸松ササキ工業 | ★旭川に根付いて30年 ★毎年受注が増加している堅実な経営
[log: 2021-05-27-09-25-35] 540件目成功 : 株式会社つなぐ | 入社祝金3万円支給！5/22マイナビ転職フェア札幌に出展
[log: 2021-05-27-09-25-35] 541件目成功 : 株式会社サンキホーム | 2019年度リフォーム工事件数735件【大阪府緊急雇用対策に賛同】
[log: 2021-05-27-09-25-35] 542件目成功 : 株式会社丸松ササキ工業 | ★旭川に根付いて30年 ★毎年受注が増加している堅実な経営
[log: 2021-05-27-09-25-35] 543件目成功 : 東建コーポレーション株式会社 | ■エリア勤務でも高収入！■上場企業で安心の将来を
[log: 2021-05-27-09-25-35] 544件目成功 : 東建コーポレーション株式会社 | ■エリア勤務でも高収入！■上場企業で安心の将来を
[log: 2021-05-27-09-25-35] 545件目成功 : 東建コーポレーション株式会社 | ■エリア勤務でも高収入！■上場企業で安心の将来を
[log: 2021-05-27-09-25-35] 546件目成功 : 東建コーポレーション株式会社 | ■エリア勤務でも高収入！■上場企業で安心の将来を
[log: 2021-05-27-09-25-35] 547件目成功 : 東建コーポレーション株式会社 | ■エリア勤務でも高収入！■上場企業で安心の将来を
[log: 2021-05-27-09-25-35] 548件目成功 : 東建コーポレーション株式会社 | ■エリア勤務でも高収入！■上場企業で安心の将来を
[log: 2021-05-27-09-25-38] 549件目成功 : 東建コーポレーション株式会社 | ■エリア勤務でも高収入！■上場企業で安心の将来を
[log: 2021-05-27-09-25-39] 550件目成功 : 東建コーポレーション株式会社 | ■エリア勤務でも高収入！■上場企業で安心の将来を
[log: 2021-05-27-09-25-39] 551件目成功 : 東建コーポレーション株式会社 | ■エリア勤務でも高収入！■上場企業で安心の将来を
[log: 2021-05-27-09-25-39] 552件目成功 : 東建コーポレーション株式会社 | ■エリア勤務でも高収入！■上場企業で安心の将来を
[log: 2021-05-27-09-25-39] 553件目成功 : 東建コーポレーション株式会社 | ■エリア勤務でも高収入！■上場企業で安心の将来を
[log: 2021-05-27-09-25-39] 554件目成功 : 東建コーポレーション株式会社 | ■エリア勤務でも高収入！■上場企業で安心の将来を
[log: 2021-05-27-09-25-39] 555件目成功 : 東建コーポレーション株式会社 | ■エリア勤務でも高収入！■上場企業で安心の将来を
[log: 2021-05-27-09-25-39] 556件目成功 : 東建コーポレーション株式会社 | ■エリア勤務でも高収入！■上場企業で安心の将来を
[log: 2021-05-27-09-25-39] 557件目成功 : 東建コーポレーション株式会社 | ■エリア勤務でも高収入！■上場企業で安心の将来を
[log: 2021-05-27-09-25-40] 558件目成功 : 東建コーポレーション株式会社 | ■エリア勤務でも高収入！■上場企業で安心の将来を
[log: 2021-05-27-09-25-40] 559件目成功 : 東建コーポレーション株式会社 | ■エリア勤務でも高収入！■上場企業で安心の将来を
[log: 2021-05-27-09-25-40] 560件目成功 : 東建コーポレーション株式会社 | ■エリア勤務でも高収入！■上場企業で安心の将来を
[log: 2021-05-27-09-25-40] 561件目成功 : 東建コーポレーション株式会社 | ■エリア勤務でも高収入！■上場企業で安心の将来を
[log: 2021-05-27-09-25-40] 562件目成功 : 東建コーポレーション株式会社 | ■エリア勤務でも高収入！■上場企業で安心の将来を
[log: 2021-05-27-09-25-40] 563件目成功 : 東京海上日動あんしん生命保険株式会社 | 新名古屋支社　★完全週休2日制★年収1,000万円も可能！
[log: 2021-05-27-09-25-40] 564件目成功 : 日研トータルソーシング株式会社 | 【売上931億円】＊年休最大160日・5/9転職フェア＠宮崎出展
[log: 2021-05-27-09-25-40] 565件目成功 : 日研トータルソーシング株式会社 | 【売上931億円】年休最大160日・5/30転職フェア＠水戸出展
[log: 2021-05-27-09-25-40] 566件目成功 : 日研トータルソーシング株式会社 | 【売上931億円】＊年休最大160日・5/8転職フェア＠名古屋出展
[log: 2021-05-27-09-25-40] 567件目成功 : 日研トータルソーシング株式会社 | 【売上931億円】年休最大160日・5/22転職フェア＠札幌出展
[log: 2021-05-27-09-25-40] 568件目成功 : 日研トータルソーシング株式会社 | 【売上931億円】＊年休最大160日・5/8転職フェア＠仙台出展
[log: 2021-05-27-09-25-41] 569件目成功 : 日研トータルソーシング株式会社 | 【売上931億円】年休最大160日・5/15転職フェア＠岡山出展
[log: 2021-05-27-09-25-41] 570件目成功 : 日研トータルソーシング株式会社 | 【売上931億円】年休最大160日・5/22転職フェア＠池袋出展
[log: 2021-05-27-09-25-41] 571件目成功 : 日研トータルソーシング株式会社 | 【売上931億円】年休最大160日＊5/29転職フェア＠浜松出展
[log: 2021-05-27-09-25-41] 572件目成功 : 日研トータルソーシング株式会社 | 【売上931億円】年休最大160日・5/29転職フェア＠京都出展
[log: 2021-05-27-09-25-41] 573件目成功 : 日研トータルソーシング株式会社 | 【売上931億円】年休最大160日・5/16転職フェア＠藤沢出展
[log: 2021-05-27-09-25-41] 574件目成功 : 株式会社バーンフュージョン | ※電話問合わせも可⇒0800-800-4089
[log: 2021-05-27-09-25-41] 575件目成功 : 株式会社バーンフュージョン | 【入社祝い15万円支給有】※電話問合わせも可⇒0800-800-4089
[log: 2021-05-27-09-25-41] 576件目成功 : 株式会社バーンフュージョン | 【入社祝い15万円支給有】※電話問合わせも可⇒0800-800-4089
[log: 2021-05-27-09-25-41] 577件目成功 : 株式会社パーフェクション | 【営業なし！残業なし！ノルマなし！】制度&福利厚生も充実！
[log: 2021-05-27-09-25-41] 578件目成功 : 株式会社ア・ビュー | 〈 対象者全員面接 〉少しでも興味あれば応募してください♪
[log: 2021-05-27-09-25-42] 579件目成功 : 株式会社パーフェクション | 稼げる人事制度＆誰でもスキルアップ可能なマニュアル完全完備！
[log: 2021-05-27-09-25-42] 580件目成功 : 株式会社クラシコ | ★面接1回 ★恵比寿駅徒歩2分 ★平均年齢28歳！
[log: 2021-05-27-09-25-42] 581件目成功 : ECテクノス株式会社 | 【マイナビから採用実績あり】残業月平均20h・設立以来黒字経営
[log: 2021-05-27-09-25-42] 582件目成功 : 株式会社アジア技術コンサルタンツ | ほとんどが公共事業で安定感抜群！資格手当・管理職手当が充実！
[log: 2021-05-27-09-25-42] 583件目成功 : 株式会社阪栄 | ＜高収入＆高待遇＞ぜひあなたの経験スタイルを活かして下さい！
[log: 2021-05-27-09-25-42] 584件目成功 : 株式会社大濠地所 | 年間休132日／賞与～150万円*／*　*昨年実績
[log: 2021-05-27-09-25-42] 585件目成功 : 株式会社スカイフィールドコーポレーション | ■転勤なし ■土日祝休み ■自社ブランドを展開する成長企業
[log: 2021-05-27-09-25-42] 586件目成功 : 生和コーポレーション株式会社 | 【大阪府緊急雇用対策に賛同】松岡修造さん起用のCMも放送中
[log: 2021-05-27-09-25-42] 587件目成功 : 株式会社タクマ | 【東証一部上場】環境保全・エネルギープラントのパイオニア企業
[log: 2021-05-27-09-25-43] 588件目成功 : 株式会社タクマ | 【東証一部上場】環境保全・エネルギープラントのパイオニア企業
[log: 2021-05-27-09-25-43] 589件目成功 : 株式会社タクマ | 【東証一部上場】環境保全・エネルギープラントのパイオニア企業
[log: 2021-05-27-09-25-43] 590件目成功 : 株式会社タクマ | 【東証一部上場】環境保全・エネルギープラントのパイオニア企業
[log: 2021-05-27-09-25-43] 591件目成功 : 株式会社タクマ | 【東証一部上場】環境保全・エネルギープラントのパイオニア企業
[log: 2021-05-27-09-25-43] 592件目成功 : 株式会社タクマ | 【東証一部上場】環境保全・エネルギープラントのパイオニア企業
[log: 2021-05-27-09-25-43] 593件目成功 : 株式会社砂建 | 配属先から転勤なし／昇給平均2万円／繁忙期以外は残業ほぼなし
[log: 2021-05-27-09-25-43] 594件目成功 : 株式会社タクマ | 【東証一部上場】環境保全・エネルギープラントのパイオニア企業
[log: 2021-05-27-09-25-43] 処理完了 成功件数:595件 / 失敗件数:0件
